<?xml version="1.0" encoding="UTF-8"?>
<!-- Generated by org.testng.reporters.JUnitReportReporter -->
<testsuite skipped="0" hostname="DESKTOP-OSM92AT" name="TestYourSkillTestNG.StudentModuleTests" tests="6" failures="0" timestamp="2022-08-13T09:37:01 IST" time="0.063" errors="0">
  <testcase name="StudentSignup" time="0.032" classname="TestYourSkillTestNG.StudentModuleTests"/>
  <system-out/>
  <testcase name="StudentHomePage" time="0.015" classname="TestYourSkillTestNG.StudentModuleTests"/>
  <system-out/>
  <testcase name="StudentTakingQuiz" time="0.016" classname="TestYourSkillTestNG.StudentModuleTests"/>
  <system-out/>
  <testcase name="StudentCheckingRank" time="0.000" classname="TestYourSkillTestNG.StudentModuleTests"/>
  <system-out/>
  <testcase name="StudentHistory" time="0.000" classname="TestYourSkillTestNG.StudentModuleTests"/>
  <system-out/>
  <testcase name="StudentGivingFeedBack" time="0.000" classname="TestYourSkillTestNG.StudentModuleTests"/>
  <system-out/>
</testsuite> <!-- TestYourSkillTestNG.StudentModuleTests -->
