<?xml version="1.0" encoding="UTF-8"?>
<!-- Generated by org.testng.reporters.JUnitReportReporter -->
<testsuite skipped="0" hostname="DESKTOP-OSM92AT" name="testng_programs.p20" tests="1" failures="0" timestamp="2022-07-15T18:32:46 IST" time="157.957" errors="0">
  <testcase name="actiLogin" time="157.957" classname="testng_programs.p20"/>
  <system-out/>
</testsuite> <!-- testng_programs.p20 -->
