<?xml version="1.0" encoding="UTF-8"?>
<!-- Generated by org.testng.reporters.JUnitReportReporter -->
<testsuite skipped="0" hostname="DESKTOP-OSM92AT" name="testng_programs.p17" tests="1" failures="0" timestamp="2022-07-14T18:31:08 IST" time="90.598" errors="0">
  <testcase name="actiLogin" time="90.598" classname="testng_programs.p17"/>
  <system-out/>
</testsuite> <!-- testng_programs.p17 -->
