<?xml version="1.0" encoding="UTF-8"?>
<!-- Generated by org.testng.reporters.JUnitReportReporter -->
<testsuite skipped="0" hostname="DESKTOP-OSM92AT" name="testng_programs.p22$p21" tests="3" failures="0" timestamp="2022-07-15T18:46:27 IST" time="0.032" errors="0">
  <testcase name="myn" time="0.032" classname="testng_programs.p22$p21"/>
  <system-out/>
  <testcase name="acti" time="0.000" classname="testng_programs.p22$p21"/>
  <system-out/>
  <testcase name="fb" time="0.000" classname="testng_programs.p22$p21"/>
  <system-out/>
</testsuite> <!-- testng_programs.p22$p21 -->
