<?xml version="1.0" encoding="UTF-8"?>
<!-- Generated by org.testng.reporters.JUnitReportReporter -->
<testsuite skipped="0" hostname="DESKTOP-OSM92AT" name="TestYourSkillTestNG.StudentModuleTests2_AfterMethod2" tests="3" failures="0" timestamp="2022-08-13T11:48:17 IST" time="0.013" errors="0">
  <testcase name="StudentSignup" time="0.000" classname="TestYourSkillTestNG.StudentModuleTests2_AfterMethod2"/>
  <system-out/>
  <testcase name="StudentHomePage" time="0.000" classname="TestYourSkillTestNG.StudentModuleTests2_AfterMethod2"/>
  <system-out/>
  <testcase name="StudentTakingQuiz" time="0.013" classname="TestYourSkillTestNG.StudentModuleTests2_AfterMethod2"/>
  <system-out/>
</testsuite> <!-- TestYourSkillTestNG.StudentModuleTests2_AfterMethod2 -->
