<?xml version="1.0" encoding="UTF-8"?>
<!-- Generated by org.testng.reporters.JUnitReportReporter -->
<testsuite skipped="0" hostname="DESKTOP-OSM92AT" name="testng_programs.p6" tests="1" failures="0" timestamp="2022-07-08T19:11:07 IST" time="60.286" errors="0">
  <testcase name="actiLogin" time="60.286" classname="testng_programs.p6"/>
  <system-out/>
</testsuite> <!-- testng_programs.p6 -->
