<?xml version="1.0" encoding="UTF-8"?>
<!-- Generated by org.testng.reporters.JUnitReportReporter -->
<testsuite skipped="0" hostname="DESKTOP-OSM92AT" name="testng_programs.p25" tests="4" failures="0" timestamp="2022-08-17T17:43:40 IST" time="0.063" errors="0">
  <testcase name="script2" time="0.032" classname="testng_programs.p25"/>
  <system-out/>
  <testcase name="script4" time="0.000" classname="testng_programs.p25"/>
  <system-out/>
  <testcase name="script1" time="0.031" classname="testng_programs.p25"/>
  <system-out/>
  <testcase name="script3" time="0.000" classname="testng_programs.p25"/>
  <system-out/>
</testsuite> <!-- testng_programs.p25 -->
