<?xml version="1.0" encoding="UTF-8"?>
<!-- Generated by org.testng.reporters.JUnitReportReporter -->
<testsuite skipped="0" hostname="DESKTOP-OSM92AT" name="testng_programs.p1_9methods" tests="1" failures="0" timestamp="2022-11-06T13:29:32 IST" time="0.032" errors="0">
  <testcase name="script" time="0.032" classname="testng_programs.p1_9methods"/>
  <system-out/>
</testsuite> <!-- testng_programs.p1_9methods -->
