<?xml version="1.0" encoding="UTF-8"?>
<!-- Generated by org.testng.reporters.JUnitReportReporter -->
<testsuite skipped="0" hostname="DESKTOP-OSM92AT" name="testng_programs.p21" tests="3" failures="0" timestamp="2022-08-17T14:55:43 IST" time="0.063" errors="0">
  <testcase name="acti" time="0.031" classname="testng_programs.p21"/>
  <system-out/>
  <testcase name="myn" time="0.016" classname="testng_programs.p21"/>
  <system-out/>
  <testcase name="fb" time="0.016" classname="testng_programs.p21"/>
  <system-out/>
</testsuite> <!-- testng_programs.p21 -->
