<?xml version="1.0" encoding="UTF-8"?>
<!-- Generated by org.testng.reporters.JUnitReportReporter -->
<testsuite skipped="0" hostname="DESKTOP-OSM92AT" name="testng_programs.p7_" tests="1" failures="0" timestamp="2022-07-08T19:11:07 IST" time="14.653" errors="0">
  <testcase name="fbLogin" time="14.653" classname="testng_programs.p7_"/>
  <system-out/>
</testsuite> <!-- testng_programs.p7_ -->
