<?xml version="1.0" encoding="UTF-8"?>
<!-- Generated by org.testng.reporters.JUnitReportReporter -->
<testsuite skipped="0" hostname="DESKTOP-OSM92AT" name="testng_programs.p14" tests="4" failures="0" timestamp="2022-07-12T19:15:31 IST" time="0.047" errors="0">
  <testcase name="script1" time="0.016" classname="testng_programs.p14"/>
  <system-out/>
  <testcase name="script1" time="0.016" classname="testng_programs.p14"/>
  <system-out/>
  <testcase name="script1" time="0.000" classname="testng_programs.p14"/>
  <system-out/>
  <testcase name="script1" time="0.015" classname="testng_programs.p14"/>
  <system-out/>
</testsuite> <!-- testng_programs.p14 -->
