<?xml version="1.0" encoding="UTF-8"?>
<!-- Generated by org.testng.reporters.JUnitReportReporter -->
<testsuite skipped="0" hostname="DESKTOP-OSM92AT" name="TestYourSkillTestNG.StudentModuleTests2_BeforeClass" tests="3" failures="0" timestamp="2022-08-16T16:11:20 IST" time="0.031" errors="0">
  <testcase name="StudentSignup" time="0.016" classname="TestYourSkillTestNG.StudentModuleTests2_BeforeClass"/>
  <system-out/>
  <testcase name="StudentHomePage" time="0.015" classname="TestYourSkillTestNG.StudentModuleTests2_BeforeClass"/>
  <system-out/>
  <testcase name="StudentTakingQuiz" time="0.000" classname="TestYourSkillTestNG.StudentModuleTests2_BeforeClass"/>
  <system-out/>
</testsuite> <!-- TestYourSkillTestNG.StudentModuleTests2_BeforeClass -->
