<?xml version="1.0" encoding="UTF-8"?>
<!-- Generated by org.testng.reporters.JUnitReportReporter -->
<testsuite skipped="0" hostname="DESKTOP-OSM92AT" name="TestYourSkillTestNG.StudentModuleTests2_AfterMethod" tests="3" failures="0" timestamp="2022-08-13T10:55:40 IST" time="0.032" errors="0">
  <testcase name="StudentSignup" time="0.016" classname="TestYourSkillTestNG.StudentModuleTests2_AfterMethod"/>
  <system-out/>
  <testcase name="StudentHomePage" time="0.000" classname="TestYourSkillTestNG.StudentModuleTests2_AfterMethod"/>
  <system-out/>
  <testcase name="StudentTakingQuiz" time="0.016" classname="TestYourSkillTestNG.StudentModuleTests2_AfterMethod"/>
  <system-out/>
</testsuite> <!-- TestYourSkillTestNG.StudentModuleTests2_AfterMethod -->
