<?xml version="1.0" encoding="UTF-8"?>
<!-- Generated by org.testng.reporters.JUnitReportReporter -->
<testsuite skipped="0" hostname="DESKTOP-OSM92AT" name="testng_programs.p23$p21" tests="13" failures="0" timestamp="2022-08-17T14:56:25 IST" time="0.125" errors="0">
  <testcase name="fb" time="0.000" classname="testng_programs.p23$p21"/>
  <system-out/>
  <testcase name="myn" time="0.016" classname="testng_programs.p23$p21"/>
  <system-out/>
  <testcase name="myn" time="0.016" classname="testng_programs.p23$p21"/>
  <system-out/>
  <testcase name="acti" time="0.000" classname="testng_programs.p23$p21"/>
  <system-out/>
  <testcase name="myn" time="0.016" classname="testng_programs.p23$p21"/>
  <system-out/>
  <testcase name="fb" time="0.000" classname="testng_programs.p23$p21"/>
  <system-out/>
  <testcase name="myn" time="0.015" classname="testng_programs.p23$p21"/>
  <system-out/>
  <testcase name="acti" time="0.031" classname="testng_programs.p23$p21"/>
  <system-out/>
  <testcase name="fb" time="0.000" classname="testng_programs.p23$p21"/>
  <system-out/>
  <testcase name="acti" time="0.000" classname="testng_programs.p23$p21"/>
  <system-out/>
  <testcase name="fb" time="0.000" classname="testng_programs.p23$p21"/>
  <system-out/>
  <testcase name="fb" time="0.016" classname="testng_programs.p23$p21"/>
  <system-out/>
  <testcase name="myn" time="0.015" classname="testng_programs.p23$p21"/>
  <system-out/>
</testsuite> <!-- testng_programs.p23$p21 -->
